10:48:24 INFO  : Registering command handlers for SDK TCF services
10:48:25 INFO  : Launching XSCT server: xsct.bat -interactive E:\WorkSpace\project\FPGA\prj_sc4236_64M15fps\prj_sc4236\prj_sc4236.sdk\temp_xsdb_launch_script.tcl
10:48:28 INFO  : XSCT server has started successfully.
10:48:31 INFO  : Successfully done setting XSCT server connection channel  
10:48:31 INFO  : Successfully done setting SDK workspace  
10:48:31 INFO  : Processing command line option -hwspec E:/WorkSpace/project/FPGA/prj_sc4236_64M15fps/prj_sc4236/prj_sc4236.sdk/top.hdf.
10:52:38 INFO  : Launching XSCT server: xsct.bat -interactive E:\WorkSpace\project\FPGA\prj_sc4236_64M15fps\prj_sc4236\prj_sc4236.sdk\temp_xsdb_launch_script.tcl
10:52:40 INFO  : XSCT server has started successfully.
10:52:40 INFO  : Successfully done setting XSCT server connection channel  
10:52:43 INFO  : Successfully done setting SDK workspace  
10:52:45 INFO  : Registering command handlers for SDK TCF services
10:52:46 INFO  : Processing command line option -hwspec E:/WorkSpace/project/FPGA/prj_sc4236_64M15fps/prj_sc4236/prj_sc4236.sdk/top.hdf.
10:52:46 INFO  : Checking for hwspec changes in the project top_hw_platform_7.
10:53:01 INFO  : 'targets -set -filter {jtag_cable_name =~ "Digilent JTAG-HS1 210512180081" && level==0} -index 1' command is executed.
10:53:01 INFO  : 'fpga -state' command is executed.
10:53:01 INFO  : Connected to target on host '127.0.0.1' and port '3121'.
10:53:02 INFO  : Jtag cable 'Digilent JTAG-HS1 210512180081' is selected.
10:53:02 INFO  : 'jtag frequency' command is executed.
10:53:02 INFO  : Sourcing of 'E:/WorkSpace/project/FPGA/prj_sc4236_64M15fps/prj_sc4236/prj_sc4236.sdk/top_hw_platform_0/ps7_init.tcl' is done.
10:53:02 INFO  : Context for 'APU' is selected.
10:53:02 INFO  : Hardware design information is loaded from 'E:/WorkSpace/project/FPGA/prj_sc4236_64M15fps/prj_sc4236/prj_sc4236.sdk/top_hw_platform_0/system.hdf'.
10:53:02 INFO  : 'configparams force-mem-access 1' command is executed.
10:53:02 INFO  : Context for 'APU' is selected.
10:53:02 INFO  : 'stop' command is executed.
10:53:02 INFO  : 'ps7_init' command is executed.
10:53:02 INFO  : 'ps7_post_config' command is executed.
10:53:02 INFO  : Context for processor 'ps7_cortexa9_0' is selected.
10:53:02 INFO  : Processor reset is completed for 'ps7_cortexa9_0'.
10:53:02 INFO  : Context for processor 'ps7_cortexa9_0' is selected.
10:53:03 INFO  : The application 'E:/WorkSpace/project/FPGA/prj_sc4236_64M15fps/prj_sc4236/prj_sc4236.sdk/ps/Debug/ps.elf' is downloaded to processor 'ps7_cortexa9_0'.
10:53:03 INFO  : 'configparams force-mem-access 0' command is executed.
10:53:03 INFO  : ----------------XSDB Script----------------
connect -url tcp:127.0.0.1:3121
source E:/WorkSpace/project/FPGA/prj_sc4236_64M15fps/prj_sc4236/prj_sc4236.sdk/top_hw_platform_0/ps7_init.tcl
targets -set -nocase -filter {name =~"APU*" && jtag_cable_name =~ "Digilent JTAG-HS1 210512180081"} -index 0
loadhw -hw E:/WorkSpace/project/FPGA/prj_sc4236_64M15fps/prj_sc4236/prj_sc4236.sdk/top_hw_platform_0/system.hdf -mem-ranges [list {0x40000000 0xbfffffff}]
configparams force-mem-access 1
targets -set -nocase -filter {name =~"APU*" && jtag_cable_name =~ "Digilent JTAG-HS1 210512180081"} -index 0
stop
ps7_init
ps7_post_config
targets -set -nocase -filter {name =~ "ARM*#0" && jtag_cable_name =~ "Digilent JTAG-HS1 210512180081"} -index 0
rst -processor
targets -set -nocase -filter {name =~ "ARM*#0" && jtag_cable_name =~ "Digilent JTAG-HS1 210512180081"} -index 0
dow E:/WorkSpace/project/FPGA/prj_sc4236_64M15fps/prj_sc4236/prj_sc4236.sdk/ps/Debug/ps.elf
configparams force-mem-access 0
----------------End of Script----------------

10:53:03 INFO  : Memory regions updated for context APU
10:53:03 INFO  : Context for processor 'ps7_cortexa9_0' is selected.
10:53:03 INFO  : 'con' command is executed.
10:53:03 INFO  : ----------------XSDB Script (After Launch)----------------
targets -set -nocase -filter {name =~ "ARM*#0" && jtag_cable_name =~ "Digilent JTAG-HS1 210512180081"} -index 0
con
----------------End of Script----------------

10:53:03 INFO  : Launch script is exported to file 'E:\WorkSpace\project\FPGA\prj_sc4236_64M15fps\prj_sc4236\prj_sc4236.sdk\.sdk\launch_scripts\xilinx_c-c++_application_(system_debugger)\system_debugger_using_debug_ps.elf_on_local.tcl'
10:55:40 INFO  : Disconnected from the channel tcfchan#1.
10:55:41 INFO  : 'targets -set -filter {jtag_cable_name =~ "Digilent JTAG-HS1 210512180081" && level==0} -index 1' command is executed.
10:55:41 INFO  : 'fpga -state' command is executed.
10:55:41 INFO  : Connected to target on host '127.0.0.1' and port '3121'.
10:55:41 INFO  : Jtag cable 'Digilent JTAG-HS1 210512180081' is selected.
10:55:41 INFO  : 'jtag frequency' command is executed.
10:55:41 INFO  : Sourcing of 'E:/WorkSpace/project/FPGA/prj_sc4236_64M15fps/prj_sc4236/prj_sc4236.sdk/top_hw_platform_0/ps7_init.tcl' is done.
10:55:41 INFO  : Context for 'APU' is selected.
10:55:41 INFO  : Hardware design information is loaded from 'E:/WorkSpace/project/FPGA/prj_sc4236_64M15fps/prj_sc4236/prj_sc4236.sdk/top_hw_platform_0/system.hdf'.
10:55:41 INFO  : 'configparams force-mem-access 1' command is executed.
10:55:41 INFO  : Context for 'APU' is selected.
10:55:41 INFO  : 'stop' command is executed.
10:55:41 INFO  : 'ps7_init' command is executed.
10:55:42 INFO  : 'ps7_post_config' command is executed.
10:55:42 INFO  : Context for processor 'ps7_cortexa9_0' is selected.
10:55:42 INFO  : Processor reset is completed for 'ps7_cortexa9_0'.
10:55:42 INFO  : Context for processor 'ps7_cortexa9_0' is selected.
10:55:42 INFO  : The application 'E:/WorkSpace/project/FPGA/prj_sc4236_64M15fps/prj_sc4236/prj_sc4236.sdk/ps/Debug/ps.elf' is downloaded to processor 'ps7_cortexa9_0'.
10:55:42 INFO  : 'configparams force-mem-access 0' command is executed.
10:55:42 INFO  : ----------------XSDB Script----------------
connect -url tcp:127.0.0.1:3121
source E:/WorkSpace/project/FPGA/prj_sc4236_64M15fps/prj_sc4236/prj_sc4236.sdk/top_hw_platform_0/ps7_init.tcl
targets -set -nocase -filter {name =~"APU*" && jtag_cable_name =~ "Digilent JTAG-HS1 210512180081"} -index 0
loadhw -hw E:/WorkSpace/project/FPGA/prj_sc4236_64M15fps/prj_sc4236/prj_sc4236.sdk/top_hw_platform_0/system.hdf -mem-ranges [list {0x40000000 0xbfffffff}]
configparams force-mem-access 1
targets -set -nocase -filter {name =~"APU*" && jtag_cable_name =~ "Digilent JTAG-HS1 210512180081"} -index 0
stop
ps7_init
ps7_post_config
targets -set -nocase -filter {name =~ "ARM*#0" && jtag_cable_name =~ "Digilent JTAG-HS1 210512180081"} -index 0
rst -processor
targets -set -nocase -filter {name =~ "ARM*#0" && jtag_cable_name =~ "Digilent JTAG-HS1 210512180081"} -index 0
dow E:/WorkSpace/project/FPGA/prj_sc4236_64M15fps/prj_sc4236/prj_sc4236.sdk/ps/Debug/ps.elf
configparams force-mem-access 0
----------------End of Script----------------

10:55:42 INFO  : Memory regions updated for context APU
10:55:42 INFO  : Context for processor 'ps7_cortexa9_0' is selected.
10:55:42 INFO  : 'con' command is executed.
10:55:42 INFO  : ----------------XSDB Script (After Launch)----------------
targets -set -nocase -filter {name =~ "ARM*#0" && jtag_cable_name =~ "Digilent JTAG-HS1 210512180081"} -index 0
con
----------------End of Script----------------

10:55:42 INFO  : Launch script is exported to file 'E:\WorkSpace\project\FPGA\prj_sc4236_64M15fps\prj_sc4236\prj_sc4236.sdk\.sdk\launch_scripts\xilinx_c-c++_application_(system_debugger)\system_debugger_using_debug_ps.elf_on_local.tcl'
10:57:16 INFO  : Dumping Memory Contents ...
10:57:31 INFO  : Dumped Memory Contents Successfully to E:\WorkSpace\images\top.bin
10:57:31 ERROR : Failed to Connect to HW Server, Reason: Command [C 1258 RunControl getChildren "JTAG-jsn-JTAG-HS1-210512180081-4ba00477-...] aborted
10:57:31 ERROR : Failed to Connect to HW Server, Reason: Command [C 1260 RunControl getChildren "JTAG-jsn-JTAG-HS1-210512180081-4ba00477-...] aborted
11:00:35 INFO  : Dumping Memory Contents ...
11:00:52 INFO  : Dumped Memory Contents Successfully to E:\WorkSpace\images\top.bin
11:00:52 ERROR : Failed to Connect to HW Server, Reason: Command [C 1452 RunControl getChildren "JTAG-jsn-JTAG-HS1-210512180081-4ba00477-...] aborted
11:00:52 ERROR : Failed to Connect to HW Server, Reason: Command [C 1454 RunControl getChildren "JTAG-jsn-JTAG-HS1-210512180081-4ba00477-...] aborted
11:03:19 INFO  : Disconnected from the channel tcfchan#2.
11:03:20 INFO  : 'targets -set -filter {jtag_cable_name =~ "Digilent JTAG-HS1 210512180081" && level==0} -index 1' command is executed.
11:03:20 INFO  : 'fpga -state' command is executed.
11:03:20 INFO  : Connected to target on host '127.0.0.1' and port '3121'.
11:03:20 INFO  : Jtag cable 'Digilent JTAG-HS1 210512180081' is selected.
11:03:20 INFO  : 'jtag frequency' command is executed.
11:03:20 INFO  : Sourcing of 'E:/WorkSpace/project/FPGA/prj_sc4236_64M15fps/prj_sc4236/prj_sc4236.sdk/top_hw_platform_0/ps7_init.tcl' is done.
11:03:20 INFO  : Context for 'APU' is selected.
11:03:20 INFO  : Hardware design information is loaded from 'E:/WorkSpace/project/FPGA/prj_sc4236_64M15fps/prj_sc4236/prj_sc4236.sdk/top_hw_platform_0/system.hdf'.
11:03:20 INFO  : 'configparams force-mem-access 1' command is executed.
11:03:20 INFO  : Context for 'APU' is selected.
11:03:20 INFO  : 'stop' command is executed.
11:03:21 INFO  : 'ps7_init' command is executed.
11:03:21 INFO  : 'ps7_post_config' command is executed.
11:03:21 INFO  : Context for processor 'ps7_cortexa9_0' is selected.
11:03:21 INFO  : Processor reset is completed for 'ps7_cortexa9_0'.
11:03:21 INFO  : Context for processor 'ps7_cortexa9_0' is selected.
11:03:21 INFO  : The application 'E:/WorkSpace/project/FPGA/prj_sc4236_64M15fps/prj_sc4236/prj_sc4236.sdk/ps/Debug/ps.elf' is downloaded to processor 'ps7_cortexa9_0'.
11:03:21 INFO  : 'configparams force-mem-access 0' command is executed.
11:03:21 INFO  : ----------------XSDB Script----------------
connect -url tcp:127.0.0.1:3121
source E:/WorkSpace/project/FPGA/prj_sc4236_64M15fps/prj_sc4236/prj_sc4236.sdk/top_hw_platform_0/ps7_init.tcl
targets -set -nocase -filter {name =~"APU*" && jtag_cable_name =~ "Digilent JTAG-HS1 210512180081"} -index 0
loadhw -hw E:/WorkSpace/project/FPGA/prj_sc4236_64M15fps/prj_sc4236/prj_sc4236.sdk/top_hw_platform_0/system.hdf -mem-ranges [list {0x40000000 0xbfffffff}]
configparams force-mem-access 1
targets -set -nocase -filter {name =~"APU*" && jtag_cable_name =~ "Digilent JTAG-HS1 210512180081"} -index 0
stop
ps7_init
ps7_post_config
targets -set -nocase -filter {name =~ "ARM*#0" && jtag_cable_name =~ "Digilent JTAG-HS1 210512180081"} -index 0
rst -processor
targets -set -nocase -filter {name =~ "ARM*#0" && jtag_cable_name =~ "Digilent JTAG-HS1 210512180081"} -index 0
dow E:/WorkSpace/project/FPGA/prj_sc4236_64M15fps/prj_sc4236/prj_sc4236.sdk/ps/Debug/ps.elf
configparams force-mem-access 0
----------------End of Script----------------

11:03:21 INFO  : Memory regions updated for context APU
11:03:22 INFO  : Context for processor 'ps7_cortexa9_0' is selected.
11:03:22 INFO  : 'con' command is executed.
11:03:22 INFO  : ----------------XSDB Script (After Launch)----------------
targets -set -nocase -filter {name =~ "ARM*#0" && jtag_cable_name =~ "Digilent JTAG-HS1 210512180081"} -index 0
con
----------------End of Script----------------

11:03:22 INFO  : Launch script is exported to file 'E:\WorkSpace\project\FPGA\prj_sc4236_64M15fps\prj_sc4236\prj_sc4236.sdk\.sdk\launch_scripts\xilinx_c-c++_application_(system_debugger)\system_debugger_using_debug_ps.elf_on_local.tcl'
11:04:39 INFO  : Dumping Memory Contents ...
11:04:54 INFO  : Dumped Memory Contents Successfully to E:\WorkSpace\images\top.bin
11:04:54 ERROR : Failed to Connect to HW Server, Reason: Command [C 3035 RunControl getChildren "JTAG-jsn-JTAG-HS1-210512180081-4ba00477-...] aborted
11:04:54 ERROR : Failed to Connect to HW Server, Reason: Command [C 3037 RunControl getChildren "JTAG-jsn-JTAG-HS1-210512180081-4ba00477-...] aborted
13:25:23 INFO  : Disconnected from the channel tcfchan#3.
18:28:35 INFO  : Registering command handlers for SDK TCF services
18:28:36 INFO  : Launching XSCT server: xsct.bat -interactive E:\WorkSpace\project\FPGA\prj_sc4210\prj_sc4210\prj_sc4210.sdk\temp_xsdb_launch_script.tcl
18:28:38 INFO  : XSCT server has started successfully.
18:28:39 INFO  : Successfully done setting XSCT server connection channel  
18:28:39 INFO  : Successfully done setting SDK workspace  
18:28:39 INFO  : Processing command line option -hwspec E:/WorkSpace/project/FPGA/prj_sc4210/prj_sc4210/prj_sc4210.sdk/top.hdf.
18:35:30 INFO  : 'targets -set -filter {jtag_cable_name =~ "Digilent JTAG-HS1 210512180081" && level==0} -index 1' command is executed.
18:35:30 INFO  : 'fpga -state' command is executed.
18:35:30 INFO  : Connected to target on host '127.0.0.1' and port '3121'.
18:35:30 INFO  : Jtag cable 'Digilent JTAG-HS1 210512180081' is selected.
18:35:30 INFO  : 'jtag frequency' command is executed.
18:35:30 INFO  : Sourcing of 'E:/WorkSpace/project/FPGA/prj_sc4210/prj_sc4210/prj_sc4210.sdk/top_hw_platform_0/ps7_init.tcl' is done.
18:35:31 INFO  : Context for 'APU' is selected.
18:35:31 INFO  : Hardware design information is loaded from 'E:/WorkSpace/project/FPGA/prj_sc4210/prj_sc4210/prj_sc4210.sdk/top_hw_platform_0/system.hdf'.
18:35:31 INFO  : 'configparams force-mem-access 1' command is executed.
18:35:31 INFO  : Context for 'APU' is selected.
18:35:31 INFO  : 'stop' command is executed.
18:35:31 INFO  : 'ps7_init' command is executed.
18:35:31 INFO  : 'ps7_post_config' command is executed.
18:35:31 INFO  : Context for processor 'ps7_cortexa9_0' is selected.
18:35:31 INFO  : Processor reset is completed for 'ps7_cortexa9_0'.
18:35:31 INFO  : Context for processor 'ps7_cortexa9_0' is selected.
18:35:31 INFO  : The application 'E:/WorkSpace/project/FPGA/prj_sc4210/prj_sc4210/prj_sc4210.sdk/ps/Debug/ps.elf' is downloaded to processor 'ps7_cortexa9_0'.
18:35:31 INFO  : 'configparams force-mem-access 0' command is executed.
18:35:31 INFO  : ----------------XSDB Script----------------
connect -url tcp:127.0.0.1:3121
source E:/WorkSpace/project/FPGA/prj_sc4210/prj_sc4210/prj_sc4210.sdk/top_hw_platform_0/ps7_init.tcl
targets -set -nocase -filter {name =~"APU*" && jtag_cable_name =~ "Digilent JTAG-HS1 210512180081"} -index 0
loadhw -hw E:/WorkSpace/project/FPGA/prj_sc4210/prj_sc4210/prj_sc4210.sdk/top_hw_platform_0/system.hdf -mem-ranges [list {0x40000000 0xbfffffff}]
configparams force-mem-access 1
targets -set -nocase -filter {name =~"APU*" && jtag_cable_name =~ "Digilent JTAG-HS1 210512180081"} -index 0
stop
ps7_init
ps7_post_config
targets -set -nocase -filter {name =~ "ARM*#0" && jtag_cable_name =~ "Digilent JTAG-HS1 210512180081"} -index 0
rst -processor
targets -set -nocase -filter {name =~ "ARM*#0" && jtag_cable_name =~ "Digilent JTAG-HS1 210512180081"} -index 0
dow E:/WorkSpace/project/FPGA/prj_sc4210/prj_sc4210/prj_sc4210.sdk/ps/Debug/ps.elf
configparams force-mem-access 0
----------------End of Script----------------

18:35:31 INFO  : Memory regions updated for context APU
18:35:31 INFO  : Context for processor 'ps7_cortexa9_0' is selected.
18:35:31 INFO  : 'con' command is executed.
18:35:31 INFO  : ----------------XSDB Script (After Launch)----------------
targets -set -nocase -filter {name =~ "ARM*#0" && jtag_cable_name =~ "Digilent JTAG-HS1 210512180081"} -index 0
con
----------------End of Script----------------

18:35:31 INFO  : Launch script is exported to file 'E:\WorkSpace\project\FPGA\prj_sc4210\prj_sc4210\prj_sc4210.sdk\.sdk\launch_scripts\xilinx_c-c++_application_(system_debugger)\system_debugger_using_debug_ps.elf_on_local.tcl'
18:36:37 INFO  : Disconnected from the channel tcfchan#1.
18:36:38 INFO  : 'targets -set -filter {jtag_cable_name =~ "Digilent JTAG-HS1 210512180081" && level==0} -index 1' command is executed.
18:36:38 INFO  : 'fpga -state' command is executed.
18:36:38 INFO  : Connected to target on host '127.0.0.1' and port '3121'.
18:36:38 INFO  : Jtag cable 'Digilent JTAG-HS1 210512180081' is selected.
18:36:38 INFO  : 'jtag frequency' command is executed.
18:36:38 INFO  : Sourcing of 'E:/WorkSpace/project/FPGA/prj_sc4210/prj_sc4210/prj_sc4210.sdk/top_hw_platform_0/ps7_init.tcl' is done.
18:36:38 INFO  : Context for 'APU' is selected.
18:36:40 INFO  : Hardware design information is loaded from 'E:/WorkSpace/project/FPGA/prj_sc4210/prj_sc4210/prj_sc4210.sdk/top_hw_platform_0/system.hdf'.
18:36:40 INFO  : 'configparams force-mem-access 1' command is executed.
18:36:40 INFO  : Context for 'APU' is selected.
18:36:40 INFO  : 'stop' command is executed.
18:36:40 INFO  : 'ps7_init' command is executed.
18:36:40 INFO  : 'ps7_post_config' command is executed.
18:36:40 INFO  : Context for processor 'ps7_cortexa9_0' is selected.
18:36:40 INFO  : Processor reset is completed for 'ps7_cortexa9_0'.
18:36:40 INFO  : Context for processor 'ps7_cortexa9_0' is selected.
18:36:40 INFO  : The application 'E:/WorkSpace/project/FPGA/prj_sc4210/prj_sc4210/prj_sc4210.sdk/ps/Debug/ps.elf' is downloaded to processor 'ps7_cortexa9_0'.
18:36:40 INFO  : 'configparams force-mem-access 0' command is executed.
18:36:40 INFO  : ----------------XSDB Script----------------
connect -url tcp:127.0.0.1:3121
source E:/WorkSpace/project/FPGA/prj_sc4210/prj_sc4210/prj_sc4210.sdk/top_hw_platform_0/ps7_init.tcl
targets -set -nocase -filter {name =~"APU*" && jtag_cable_name =~ "Digilent JTAG-HS1 210512180081"} -index 0
loadhw -hw E:/WorkSpace/project/FPGA/prj_sc4210/prj_sc4210/prj_sc4210.sdk/top_hw_platform_0/system.hdf -mem-ranges [list {0x40000000 0xbfffffff}]
configparams force-mem-access 1
targets -set -nocase -filter {name =~"APU*" && jtag_cable_name =~ "Digilent JTAG-HS1 210512180081"} -index 0
stop
ps7_init
ps7_post_config
targets -set -nocase -filter {name =~ "ARM*#0" && jtag_cable_name =~ "Digilent JTAG-HS1 210512180081"} -index 0
rst -processor
targets -set -nocase -filter {name =~ "ARM*#0" && jtag_cable_name =~ "Digilent JTAG-HS1 210512180081"} -index 0
dow E:/WorkSpace/project/FPGA/prj_sc4210/prj_sc4210/prj_sc4210.sdk/ps/Debug/ps.elf
configparams force-mem-access 0
----------------End of Script----------------

18:36:40 INFO  : Memory regions updated for context APU
18:36:41 INFO  : Context for processor 'ps7_cortexa9_0' is selected.
18:36:41 INFO  : 'con' command is executed.
18:36:41 INFO  : ----------------XSDB Script (After Launch)----------------
targets -set -nocase -filter {name =~ "ARM*#0" && jtag_cable_name =~ "Digilent JTAG-HS1 210512180081"} -index 0
con
----------------End of Script----------------

18:36:41 INFO  : Launch script is exported to file 'E:\WorkSpace\project\FPGA\prj_sc4210\prj_sc4210\prj_sc4210.sdk\.sdk\launch_scripts\xilinx_c-c++_application_(system_debugger)\system_debugger_using_debug_ps.elf_on_local.tcl'
18:43:38 INFO  : Disconnected from the channel tcfchan#2.
13:07:22 INFO  : Registering command handlers for SDK TCF services
13:07:23 INFO  : Launching XSCT server: xsct.bat -interactive E:\WorkSpace\project\FPGA\prj_sc4210\prj_sc4210\prj_sc4210.sdk\temp_xsdb_launch_script.tcl
13:07:26 INFO  : XSCT server has started successfully.
13:07:28 INFO  : Successfully done setting XSCT server connection channel  
13:07:28 INFO  : Successfully done setting SDK workspace  
13:07:28 INFO  : Processing command line option -hwspec E:/WorkSpace/project/FPGA/prj_sc4210/prj_sc4210/prj_sc4210.sdk/top.hdf.
13:07:28 INFO  : Checking for hwspec changes in the project top_hw_platform_8.
13:07:35 INFO  : SDK has detected change in the last modified timestamps for source hardware specification file Source:1573814808137,  Project:1555550430000
13:07:35 INFO  : The hardware specification for project 'top_hw_platform_8' is different from E:/WorkSpace/project/FPGA/prj_sc4210/prj_sc4210/prj_sc4210.sdk/top.hdf.
13:08:29 INFO  : Copied contents of E:/WorkSpace/project/FPGA/prj_sc4210/prj_sc4210/prj_sc4210.sdk/top.hdf into \top_hw_platform_8\system.hdf.
13:08:45 INFO  : Synchronizing projects in the workspace with the hardware platform specification changes.
13:08:45 INFO  : Clearing existing target manager status.
13:08:45 INFO  : Workspace synchronized with the new hardware specification file. Cleaning dependent projects...
13:08:45 WARN  : Linker script will not be updated automatically. Users need to update it manually.
13:10:08 INFO  : 'targets -set -filter {jtag_cable_name =~ "Digilent JTAG-HS1 210512180081" && level==0} -index 1' command is executed.
13:10:08 INFO  : 'fpga -state' command is executed.
13:10:08 INFO  : Connected to target on host '127.0.0.1' and port '3121'.
13:10:09 INFO  : Jtag cable 'Digilent JTAG-HS1 210512180081' is selected.
13:10:09 INFO  : 'jtag frequency' command is executed.
13:10:09 INFO  : Sourcing of 'E:/WorkSpace/project/FPGA/prj_sc4210/prj_sc4210/prj_sc4210.sdk/top_hw_platform_0/ps7_init.tcl' is done.
13:10:09 INFO  : Context for 'APU' is selected.
13:10:09 INFO  : Hardware design information is loaded from 'E:/WorkSpace/project/FPGA/prj_sc4210/prj_sc4210/prj_sc4210.sdk/top_hw_platform_0/system.hdf'.
13:10:09 INFO  : 'configparams force-mem-access 1' command is executed.
13:10:09 INFO  : Context for 'APU' is selected.
13:10:09 INFO  : 'stop' command is executed.
13:10:09 INFO  : 'ps7_init' command is executed.
13:10:09 INFO  : 'ps7_post_config' command is executed.
13:10:09 INFO  : Context for processor 'ps7_cortexa9_0' is selected.
13:10:09 INFO  : Processor reset is completed for 'ps7_cortexa9_0'.
13:10:09 INFO  : Context for processor 'ps7_cortexa9_0' is selected.
13:10:09 INFO  : The application 'E:/WorkSpace/project/FPGA/prj_sc4210/prj_sc4210/prj_sc4210.sdk/ps/Debug/ps.elf' is downloaded to processor 'ps7_cortexa9_0'.
13:10:09 INFO  : 'configparams force-mem-access 0' command is executed.
13:10:09 INFO  : ----------------XSDB Script----------------
connect -url tcp:127.0.0.1:3121
source E:/WorkSpace/project/FPGA/prj_sc4210/prj_sc4210/prj_sc4210.sdk/top_hw_platform_0/ps7_init.tcl
targets -set -nocase -filter {name =~"APU*" && jtag_cable_name =~ "Digilent JTAG-HS1 210512180081"} -index 0
loadhw -hw E:/WorkSpace/project/FPGA/prj_sc4210/prj_sc4210/prj_sc4210.sdk/top_hw_platform_0/system.hdf -mem-ranges [list {0x40000000 0xbfffffff}]
configparams force-mem-access 1
targets -set -nocase -filter {name =~"APU*" && jtag_cable_name =~ "Digilent JTAG-HS1 210512180081"} -index 0
stop
ps7_init
ps7_post_config
targets -set -nocase -filter {name =~ "ARM*#0" && jtag_cable_name =~ "Digilent JTAG-HS1 210512180081"} -index 0
rst -processor
targets -set -nocase -filter {name =~ "ARM*#0" && jtag_cable_name =~ "Digilent JTAG-HS1 210512180081"} -index 0
dow E:/WorkSpace/project/FPGA/prj_sc4210/prj_sc4210/prj_sc4210.sdk/ps/Debug/ps.elf
configparams force-mem-access 0
----------------End of Script----------------

13:10:09 INFO  : Memory regions updated for context APU
13:10:10 INFO  : Context for processor 'ps7_cortexa9_0' is selected.
13:10:10 INFO  : 'con' command is executed.
13:10:10 INFO  : ----------------XSDB Script (After Launch)----------------
targets -set -nocase -filter {name =~ "ARM*#0" && jtag_cable_name =~ "Digilent JTAG-HS1 210512180081"} -index 0
con
----------------End of Script----------------

13:10:10 INFO  : Launch script is exported to file 'E:\WorkSpace\project\FPGA\prj_sc4210\prj_sc4210\prj_sc4210.sdk\.sdk\launch_scripts\xilinx_c-c++_application_(system_debugger)\system_debugger_using_debug_ps.elf_on_local.tcl'
13:11:35 INFO  : Dumping Memory Contents ...
13:11:50 INFO  : Dumped Memory Contents Successfully to E:\WorkSpace\images\top.bin
13:11:50 ERROR : Failed to Connect to HW Server, Reason: Command [C 339 RunControl getChildren "JTAG-jsn-JTAG-HS1-210512180081-4ba00477-0...] aborted
13:11:50 ERROR : Failed to Connect to HW Server, Reason: Command [C 341 RunControl getChildren "JTAG-jsn-JTAG-HS1-210512180081-4ba00477-0...] aborted
13:20:51 INFO  : Disconnected from the channel tcfchan#1.
13:20:52 INFO  : 'targets -set -filter {jtag_cable_name =~ "Digilent JTAG-HS1 210512180081" && level==0} -index 1' command is executed.
13:20:52 INFO  : 'fpga -state' command is executed.
13:20:52 INFO  : Connected to target on host '127.0.0.1' and port '3121'.
13:20:53 INFO  : Jtag cable 'Digilent JTAG-HS1 210512180081' is selected.
13:20:53 INFO  : 'jtag frequency' command is executed.
13:20:53 INFO  : Sourcing of 'E:/WorkSpace/project/FPGA/prj_sc4210/prj_sc4210/prj_sc4210.sdk/top_hw_platform_0/ps7_init.tcl' is done.
13:20:53 INFO  : Context for 'APU' is selected.
13:20:54 INFO  : Hardware design information is loaded from 'E:/WorkSpace/project/FPGA/prj_sc4210/prj_sc4210/prj_sc4210.sdk/top_hw_platform_0/system.hdf'.
13:20:54 INFO  : 'configparams force-mem-access 1' command is executed.
13:20:54 INFO  : Context for 'APU' is selected.
13:20:54 INFO  : 'stop' command is executed.
13:20:54 INFO  : 'ps7_init' command is executed.
13:20:54 INFO  : 'ps7_post_config' command is executed.
13:20:54 INFO  : Context for processor 'ps7_cortexa9_0' is selected.
13:20:54 INFO  : Processor reset is completed for 'ps7_cortexa9_0'.
13:20:55 INFO  : Context for processor 'ps7_cortexa9_0' is selected.
13:20:55 INFO  : The application 'E:/WorkSpace/project/FPGA/prj_sc4210/prj_sc4210/prj_sc4210.sdk/ps/Debug/ps.elf' is downloaded to processor 'ps7_cortexa9_0'.
13:20:55 INFO  : 'configparams force-mem-access 0' command is executed.
13:20:55 INFO  : ----------------XSDB Script----------------
connect -url tcp:127.0.0.1:3121
source E:/WorkSpace/project/FPGA/prj_sc4210/prj_sc4210/prj_sc4210.sdk/top_hw_platform_0/ps7_init.tcl
targets -set -nocase -filter {name =~"APU*" && jtag_cable_name =~ "Digilent JTAG-HS1 210512180081"} -index 0
loadhw -hw E:/WorkSpace/project/FPGA/prj_sc4210/prj_sc4210/prj_sc4210.sdk/top_hw_platform_0/system.hdf -mem-ranges [list {0x40000000 0xbfffffff}]
configparams force-mem-access 1
targets -set -nocase -filter {name =~"APU*" && jtag_cable_name =~ "Digilent JTAG-HS1 210512180081"} -index 0
stop
ps7_init
ps7_post_config
targets -set -nocase -filter {name =~ "ARM*#0" && jtag_cable_name =~ "Digilent JTAG-HS1 210512180081"} -index 0
rst -processor
targets -set -nocase -filter {name =~ "ARM*#0" && jtag_cable_name =~ "Digilent JTAG-HS1 210512180081"} -index 0
dow E:/WorkSpace/project/FPGA/prj_sc4210/prj_sc4210/prj_sc4210.sdk/ps/Debug/ps.elf
configparams force-mem-access 0
----------------End of Script----------------

13:20:55 INFO  : Memory regions updated for context APU
13:20:55 INFO  : Context for processor 'ps7_cortexa9_0' is selected.
13:20:55 INFO  : 'con' command is executed.
13:20:55 INFO  : ----------------XSDB Script (After Launch)----------------
targets -set -nocase -filter {name =~ "ARM*#0" && jtag_cable_name =~ "Digilent JTAG-HS1 210512180081"} -index 0
con
----------------End of Script----------------

13:20:55 INFO  : Launch script is exported to file 'E:\WorkSpace\project\FPGA\prj_sc4210\prj_sc4210\prj_sc4210.sdk\.sdk\launch_scripts\xilinx_c-c++_application_(system_debugger)\system_debugger_using_debug_ps.elf_on_local.tcl'
13:25:40 INFO  : Disconnected from the channel tcfchan#3.
13:25:41 INFO  : 'targets -set -filter {jtag_cable_name =~ "Digilent JTAG-HS1 210512180081" && level==0} -index 1' command is executed.
13:25:41 INFO  : 'fpga -state' command is executed.
13:25:41 INFO  : Connected to target on host '127.0.0.1' and port '3121'.
13:25:41 INFO  : Jtag cable 'Digilent JTAG-HS1 210512180081' is selected.
13:25:41 INFO  : 'jtag frequency' command is executed.
13:25:41 INFO  : Sourcing of 'E:/WorkSpace/project/FPGA/prj_sc4210/prj_sc4210/prj_sc4210.sdk/top_hw_platform_0/ps7_init.tcl' is done.
13:25:41 INFO  : Context for 'APU' is selected.
13:25:41 INFO  : Hardware design information is loaded from 'E:/WorkSpace/project/FPGA/prj_sc4210/prj_sc4210/prj_sc4210.sdk/top_hw_platform_0/system.hdf'.
13:25:41 INFO  : 'configparams force-mem-access 1' command is executed.
13:25:41 INFO  : Context for 'APU' is selected.
13:25:41 INFO  : 'stop' command is executed.
13:25:42 INFO  : 'ps7_init' command is executed.
13:25:42 INFO  : 'ps7_post_config' command is executed.
13:25:42 INFO  : Context for processor 'ps7_cortexa9_0' is selected.
13:25:42 INFO  : Processor reset is completed for 'ps7_cortexa9_0'.
13:25:42 INFO  : Context for processor 'ps7_cortexa9_0' is selected.
13:25:42 INFO  : The application 'E:/WorkSpace/project/FPGA/prj_sc4210/prj_sc4210/prj_sc4210.sdk/ps/Debug/ps.elf' is downloaded to processor 'ps7_cortexa9_0'.
13:25:42 INFO  : 'configparams force-mem-access 0' command is executed.
13:25:42 INFO  : ----------------XSDB Script----------------
connect -url tcp:127.0.0.1:3121
source E:/WorkSpace/project/FPGA/prj_sc4210/prj_sc4210/prj_sc4210.sdk/top_hw_platform_0/ps7_init.tcl
targets -set -nocase -filter {name =~"APU*" && jtag_cable_name =~ "Digilent JTAG-HS1 210512180081"} -index 0
loadhw -hw E:/WorkSpace/project/FPGA/prj_sc4210/prj_sc4210/prj_sc4210.sdk/top_hw_platform_0/system.hdf -mem-ranges [list {0x40000000 0xbfffffff}]
configparams force-mem-access 1
targets -set -nocase -filter {name =~"APU*" && jtag_cable_name =~ "Digilent JTAG-HS1 210512180081"} -index 0
stop
ps7_init
ps7_post_config
targets -set -nocase -filter {name =~ "ARM*#0" && jtag_cable_name =~ "Digilent JTAG-HS1 210512180081"} -index 0
rst -processor
targets -set -nocase -filter {name =~ "ARM*#0" && jtag_cable_name =~ "Digilent JTAG-HS1 210512180081"} -index 0
dow E:/WorkSpace/project/FPGA/prj_sc4210/prj_sc4210/prj_sc4210.sdk/ps/Debug/ps.elf
configparams force-mem-access 0
----------------End of Script----------------

13:25:42 INFO  : Memory regions updated for context APU
13:25:42 INFO  : Context for processor 'ps7_cortexa9_0' is selected.
13:25:42 INFO  : 'con' command is executed.
13:25:42 INFO  : ----------------XSDB Script (After Launch)----------------
targets -set -nocase -filter {name =~ "ARM*#0" && jtag_cable_name =~ "Digilent JTAG-HS1 210512180081"} -index 0
con
----------------End of Script----------------

13:25:42 INFO  : Launch script is exported to file 'E:\WorkSpace\project\FPGA\prj_sc4210\prj_sc4210\prj_sc4210.sdk\.sdk\launch_scripts\xilinx_c-c++_application_(system_debugger)\system_debugger_using_debug_ps.elf_on_local.tcl'
13:36:31 INFO  : Disconnected from the channel tcfchan#4.
13:36:32 INFO  : 'targets -set -filter {jtag_cable_name =~ "Digilent JTAG-HS1 210512180081" && level==0} -index 1' command is executed.
13:36:32 INFO  : 'fpga -state' command is executed.
13:36:32 INFO  : Connected to target on host '127.0.0.1' and port '3121'.
13:36:32 INFO  : Jtag cable 'Digilent JTAG-HS1 210512180081' is selected.
13:36:32 INFO  : 'jtag frequency' command is executed.
13:36:32 INFO  : Sourcing of 'E:/WorkSpace/project/FPGA/prj_sc4210/prj_sc4210/prj_sc4210.sdk/top_hw_platform_0/ps7_init.tcl' is done.
13:36:32 INFO  : Context for 'APU' is selected.
13:36:32 INFO  : Hardware design information is loaded from 'E:/WorkSpace/project/FPGA/prj_sc4210/prj_sc4210/prj_sc4210.sdk/top_hw_platform_0/system.hdf'.
13:36:32 INFO  : 'configparams force-mem-access 1' command is executed.
13:36:32 INFO  : Context for 'APU' is selected.
13:36:32 INFO  : 'stop' command is executed.
13:36:33 INFO  : 'ps7_init' command is executed.
13:36:33 INFO  : 'ps7_post_config' command is executed.
13:36:33 INFO  : Context for processor 'ps7_cortexa9_0' is selected.
13:36:33 INFO  : Processor reset is completed for 'ps7_cortexa9_0'.
13:36:33 INFO  : Context for processor 'ps7_cortexa9_0' is selected.
13:36:33 INFO  : The application 'E:/WorkSpace/project/FPGA/prj_sc4210/prj_sc4210/prj_sc4210.sdk/ps/Debug/ps.elf' is downloaded to processor 'ps7_cortexa9_0'.
13:36:33 INFO  : 'configparams force-mem-access 0' command is executed.
13:36:33 INFO  : ----------------XSDB Script----------------
connect -url tcp:127.0.0.1:3121
source E:/WorkSpace/project/FPGA/prj_sc4210/prj_sc4210/prj_sc4210.sdk/top_hw_platform_0/ps7_init.tcl
targets -set -nocase -filter {name =~"APU*" && jtag_cable_name =~ "Digilent JTAG-HS1 210512180081"} -index 0
loadhw -hw E:/WorkSpace/project/FPGA/prj_sc4210/prj_sc4210/prj_sc4210.sdk/top_hw_platform_0/system.hdf -mem-ranges [list {0x40000000 0xbfffffff}]
configparams force-mem-access 1
targets -set -nocase -filter {name =~"APU*" && jtag_cable_name =~ "Digilent JTAG-HS1 210512180081"} -index 0
stop
ps7_init
ps7_post_config
targets -set -nocase -filter {name =~ "ARM*#0" && jtag_cable_name =~ "Digilent JTAG-HS1 210512180081"} -index 0
rst -processor
targets -set -nocase -filter {name =~ "ARM*#0" && jtag_cable_name =~ "Digilent JTAG-HS1 210512180081"} -index 0
dow E:/WorkSpace/project/FPGA/prj_sc4210/prj_sc4210/prj_sc4210.sdk/ps/Debug/ps.elf
configparams force-mem-access 0
----------------End of Script----------------

13:36:33 INFO  : Memory regions updated for context APU
13:36:33 INFO  : Context for processor 'ps7_cortexa9_0' is selected.
13:36:33 INFO  : 'con' command is executed.
13:36:33 INFO  : ----------------XSDB Script (After Launch)----------------
targets -set -nocase -filter {name =~ "ARM*#0" && jtag_cable_name =~ "Digilent JTAG-HS1 210512180081"} -index 0
con
----------------End of Script----------------

13:36:33 INFO  : Launch script is exported to file 'E:\WorkSpace\project\FPGA\prj_sc4210\prj_sc4210\prj_sc4210.sdk\.sdk\launch_scripts\xilinx_c-c++_application_(system_debugger)\system_debugger_using_debug_ps.elf_on_local.tcl'
13:37:25 INFO  : Dumping Memory Contents ...
13:37:40 INFO  : Dumped Memory Contents Successfully to E:\WorkSpace\images\top.bin
13:37:40 ERROR : Failed to Connect to HW Server, Reason: Command [C 1907 RunControl getChildren "JTAG-jsn-JTAG-HS1-210512180081-4ba00477-...] aborted
13:37:40 ERROR : Failed to Connect to HW Server, Reason: Command [C 1909 RunControl getChildren "JTAG-jsn-JTAG-HS1-210512180081-4ba00477-...] aborted
13:48:11 INFO  : Disconnected from the channel tcfchan#5.
